# JRE version: Java(TM) SE Runtime Environment (8.0_161-b12) (build 1.8.0_161-b12)
# Java VM: Java HotSpot(TM) 64-Bit Server VM (25.161-b12 mixed mode linux-amd64 compressed oops)
Heap:
 def new generation   total 169280K, used 0K [0x00000000c0000000, 0x00000000cb7a0000, 0x00000000d5550000)
  eden space 150528K,   0% used [0x00000000c0000000, 0x00000000c0000000, 0x00000000c9300000)
  from space 18752K,   0% used [0x00000000c9300000, 0x00000000c9300000, 0x00000000ca550000)
  to   space 18752K,   0% used [0x00000000ca550000, 0x00000000ca550000, 0x00000000cb7a0000)
 tenured generation   total 378240K, used 289280K [0x00000000d5550000, 0x00000000ec6b0000, 0x0000000100000000)
   the space 378240K,  76% used [0x00000000d5550000, 0x00000000e6fd00b8, 0x00000000e6fd0200, 0x00000000ec6b0000)
 Metaspace       used 20908K, capacity 21502K, committed 21632K, reserved 1069056K
  class space    used 2466K, capacity 2661K, committed 2688K, reserved 1048576K
GC Heap History (10 events):
Event: 36.304 GC heap after
Heap after GC invocations=63 (full 7):
 def new generation   total 169280K, used 11860K [0x00000000c0000000, 0x00000000cb7a0000, 0x00000000d5550000)
  eden space 150528K,   0% used [0x00000000c0000000, 0x00000000c0000000, 0x00000000c9300000)
  from space 18752K,  63% used [0x00000000ca550000, 0x00000000cb0e5310, 0x00000000cb7a0000)
  to   space 18752K,   0% used [0x00000000c9300000, 0x00000000c9300000, 0x00000000ca550000)
 tenured generation   total 375936K, used 330485K [0x00000000d5550000, 0x00000000ec470000, 0x0000000100000000)
   the space 375936K,  87% used [0x00000000d5550000, 0x00000000e980d468, 0x00000000e980d600, 0x00000000ec470000)
 Metaspace       used 20907K, capacity 21502K, committed 21632K, reserved 1069056K
  class space    used 2466K, capacity 2661K, committed 2688K, reserved 1048576K
}
Event: 36.805 GC heap before
{Heap before GC invocations=63 (full 7):
 def new generation   total 169280K, used 162388K [0x00000000c0000000, 0x00000000cb7a0000, 0x00000000d5550000)
  eden space 150528K, 100% used [0x00000000c0000000, 0x00000000c9300000, 0x00000000c9300000)
  from space 18752K,  63% used [0x00000000ca550000, 0x00000000cb0e5310, 0x00000000cb7a0000)
  to   space 18752K,   0% used [0x00000000c9300000, 0x00000000c9300000, 0x00000000ca550000)
 tenured generation   total 375936K, used 330485K [0x00000000d5550000, 0x00000000ec470000, 0x0000000100000000)
   the space 375936K,  87% used [0x00000000d5550000, 0x00000000e980d468, 0x00000000e980d600, 0x00000000ec470000)
 Metaspace       used 20907K, capacity 21502K, committed 21632K, reserved 1069056K
  class space    used 2466K, capacity 2661K, committed 2688K, reserved 1048576K
Event: 36.855 GC heap after
Heap after GC invocations=64 (full 7):
 def new generation   total 169280K, used 9967K [0x00000000c0000000, 0x00000000cb7a0000, 0x00000000d5550000)
  eden space 150528K,   0% used [0x00000000c0000000, 0x00000000c0000000, 0x00000000c9300000)
  from space 18752K,  53% used [0x00000000c9300000, 0x00000000c9cbbfa8, 0x00000000ca550000)
  to   space 18752K,   0% used [0x00000000ca550000, 0x00000000ca550000, 0x00000000cb7a0000)
 tenured generation   total 375936K, used 335886K [0x00000000d5550000, 0x00000000ec470000, 0x0000000100000000)
   the space 375936K,  89% used [0x00000000d5550000, 0x00000000e9d53930, 0x00000000e9d53a00, 0x00000000ec470000)
 Metaspace       used 20907K, capacity 21502K, committed 21632K, reserved 1069056K
  class space    used 2466K, capacity 2661K, committed 2688K, reserved 1048576K
}
Event: 37.402 GC heap before
{Heap before GC invocations=64 (full 7):
 def new generation   total 169280K, used 160495K [0x00000000c0000000, 0x00000000cb7a0000, 0x00000000d5550000)
  eden space 150528K, 100% used [0x00000000c0000000, 0x00000000c9300000, 0x00000000c9300000)
  from space 18752K,  53% used [0x00000000c9300000, 0x00000000c9cbbfa8, 0x00000000ca550000)
  to   space 18752K,   0% used [0x00000000ca550000, 0x00000000ca550000, 0x00000000cb7a0000)
 tenured generation   total 375936K, used 335886K [0x00000000d5550000, 0x00000000ec470000, 0x0000000100000000)
   the space 375936K,  89% used [0x00000000d5550000, 0x00000000e9d53930, 0x00000000e9d53a00, 0x00000000ec470000)
 Metaspace       used 20907K, capacity 21502K, committed 21632K, reserved 1069056K
  class space    used 2466K, capacity 2661K, committed 2688K, reserved 1048576K
Event: 37.448 GC heap after
Heap after GC invocations=65 (full 7):
 def new generation   total 169280K, used 10242K [0x00000000c0000000, 0x00000000cb7a0000, 0x00000000d5550000)
  eden space 150528K,   0% used [0x00000000c0000000, 0x00000000c0000000, 0x00000000c9300000)
  from space 18752K,  54% used [0x00000000ca550000, 0x00000000caf50b50, 0x00000000cb7a0000)
  to   space 18752K,   0% used [0x00000000c9300000, 0x00000000c9300000, 0x00000000ca550000)
 tenured generation   total 375936K, used 338616K [0x00000000d5550000, 0x00000000ec470000, 0x0000000100000000)
   the space 375936K,  90% used [0x00000000d5550000, 0x00000000e9ffe0f8, 0x00000000e9ffe200, 0x00000000ec470000)
 Metaspace       used 20907K, capacity 21502K, committed 21632K, reserved 1069056K
  class space    used 2466K, capacity 2661K, committed 2688K, reserved 1048576K
}
Event: 38.049 GC heap before
{Heap before GC invocations=65 (full 7):
 def new generation   total 169280K, used 160770K [0x00000000c0000000, 0x00000000cb7a0000, 0x00000000d5550000)
  eden space 150528K, 100% used [0x00000000c0000000, 0x00000000c9300000, 0x00000000c9300000)
  from space 18752K,  54% used [0x00000000ca550000, 0x00000000caf50b50, 0x00000000cb7a0000)
  to   space 18752K,   0% used [0x00000000c9300000, 0x00000000c9300000, 0x00000000ca550000)
 tenured generation   total 375936K, used 338616K [0x00000000d5550000, 0x00000000ec470000, 0x0000000100000000)
   the space 375936K,  90% used [0x00000000d5550000, 0x00000000e9ffe0f8, 0x00000000e9ffe200, 0x00000000ec470000)
 Metaspace       used 20907K, capacity 21502K, committed 21632K, reserved 1069056K
  class space    used 2466K, capacity 2661K, committed 2688K, reserved 1048576K
Event: 38.101 GC heap after
Heap after GC invocations=66 (full 7):
 def new generation   total 169280K, used 13848K [0x00000000c0000000, 0x00000000cb7a0000, 0x00000000d5550000)
  eden space 150528K,   0% used [0x00000000c0000000, 0x00000000c0000000, 0x00000000c9300000)
  from space 18752K,  73% used [0x00000000c9300000, 0x00000000ca086180, 0x00000000ca550000)
  to   space 18752K,   0% used [0x00000000ca550000, 0x00000000ca550000, 0x00000000cb7a0000)
 tenured generation   total 375936K, used 341359K [0x00000000d5550000, 0x00000000ec470000, 0x0000000100000000)
   the space 375936K,  90% used [0x00000000d5550000, 0x00000000ea2abca8, 0x00000000ea2abe00, 0x00000000ec470000)
 Metaspace       used 20907K, capacity 21502K, committed 21632K, reserved 1069056K
  class space    used 2466K, capacity 2661K, committed 2688K, reserved 1048576K
}
Event: 38.794 GC heap before
{Heap before GC invocations=66 (full 7):
 def new generation   total 169280K, used 164376K [0x00000000c0000000, 0x00000000cb7a0000, 0x00000000d5550000)
  eden space 150528K, 100% used [0x00000000c0000000, 0x00000000c9300000, 0x00000000c9300000)
  from space 18752K,  73% used [0x00000000c9300000, 0x00000000ca086180, 0x00000000ca550000)
  to   space 18752K,   0% used [0x00000000ca550000, 0x00000000ca550000, 0x00000000cb7a0000)
 tenured generation   total 375936K, used 341359K [0x00000000d5550000, 0x00000000ec470000, 0x0000000100000000)
   the space 375936K,  90% used [0x00000000d5550000, 0x00000000ea2abca8, 0x00000000ea2abe00, 0x00000000ec470000)
 Metaspace       used 20908K, capacity 21502K, committed 21632K, reserved 1069056K
  class space    used 2466K, capacity 2661K, committed 2688K, reserved 1048576K
Event: 38.981 GC heap after
Heap after GC invocations=67 (full 7):
 def new generation   total 169280K, used 18752K [0x00000000c0000000, 0x00000000cb7a0000, 0x00000000d5550000)
  eden space 150528K,   0% used [0x00000000c0000000, 0x00000000c0000000, 0x00000000c9300000)
  from space 18752K, 100% used [0x00000000ca550000, 0x00000000cb7a0000, 0x00000000cb7a0000)
  to   space 18752K,   0% used [0x00000000c9300000, 0x00000000c9300000, 0x00000000ca550000)
 tenured generation   total 375936K, used 359713K [0x00000000d5550000, 0x00000000ec470000, 0x0000000100000000)
   the space 375936K,  95% used [0x00000000d5550000, 0x00000000eb498418, 0x00000000eb498600, 0x00000000ec470000)
 Metaspace       used 20908K, capacity 21502K, committed 21632K, reserved 1069056K
  class space    used 2466K, capacity 2661K, committed 2688K, reserved 1048576K
}
Event: 39.651 GC heap before
{Heap before GC invocations=67 (full 7):
 def new generation   total 169280K, used 169280K [0x00000000c0000000, 0x00000000cb7a0000, 0x00000000d5550000)
  eden space 150528K, 100% used [0x00000000c0000000, 0x00000000c9300000, 0x00000000c9300000)
  from space 18752K, 100% used [0x00000000ca550000, 0x00000000cb7a0000, 0x00000000cb7a0000)
  to   space 18752K,   0% used [0x00000000c9300000, 0x00000000c9300000, 0x00000000ca550000)
 tenured generation   total 375936K, used 359713K [0x00000000d5550000, 0x00000000ec470000, 0x0000000100000000)
   the space 375936K,  95% used [0x00000000d5550000, 0x00000000eb498418, 0x00000000eb498600, 0x00000000ec470000)
 Metaspace       used 20908K, capacity 21502K, committed 21632K, reserved 1069056K
  class space    used 2466K, capacity 2661K, committed 2688K, reserved 1048576K

